2010-09-15 20:47:17 Debug: Notice (1024): Please change the value of 'Security.salt' in app/config/core.php to a salt value specific to your application in [E:\Apache\CakePHP\cake\libs\debugger.php, line 684]
2010-09-15 20:47:17 Debug: Notice (1024): Please change the value of 'Security.cipherSeed' in app/config/core.php to a numeric (digits only) seed value specific to your application in [E:\Apache\CakePHP\cake\libs\debugger.php, line 688]
2010-09-15 20:48:10 Debug: Notice (1024): Please change the value of 'Security.salt' in app/config/core.php to a salt value specific to your application in [E:\Apache\CakePHP\cake\libs\debugger.php, line 684]
2010-09-15 20:48:10 Debug: Notice (1024): Please change the value of 'Security.cipherSeed' in app/config/core.php to a numeric (digits only) seed value specific to your application in [E:\Apache\CakePHP\cake\libs\debugger.php, line 688]
2010-09-15 21:20:44 Debug: Notice (1024): Please change the value of 'Security.salt' in app/config/core.php to a salt value specific to your application in [E:\Apache\CakePHP\cake\libs\debugger.php, line 684]
2010-09-15 21:20:44 Debug: Notice (1024): Please change the value of 'Security.cipherSeed' in app/config/core.php to a numeric (digits only) seed value specific to your application in [E:\Apache\CakePHP\cake\libs\debugger.php, line 688]
2010-09-15 21:22:29 Debug: Notice (1024): Please change the value of 'Security.salt' in app/config/core.php to a salt value specific to your application in [E:\Apache\CakePHP\cake\libs\debugger.php, line 684]
2010-09-15 21:22:29 Debug: Notice (1024): Please change the value of 'Security.cipherSeed' in app/config/core.php to a numeric (digits only) seed value specific to your application in [E:\Apache\CakePHP\cake\libs\debugger.php, line 688]
2010-09-15 21:23:31 Debug: Notice (1024): Please change the value of 'Security.salt' in app/config/core.php to a salt value specific to your application in [E:\Apache\CakePHP\cake\libs\debugger.php, line 684]
2010-09-15 21:23:31 Debug: Notice (1024): Please change the value of 'Security.cipherSeed' in app/config/core.php to a numeric (digits only) seed value specific to your application in [E:\Apache\CakePHP\cake\libs\debugger.php, line 688]
2010-09-18 08:41:15 Debug: Notice (1024): Please change the value of 'Security.salt' in app/config/core.php to a salt value specific to your application in [D:\wamp\www\CakePHP\cake\libs\debugger.php, line 684]
2010-09-18 08:41:15 Debug: Notice (1024): Please change the value of 'Security.cipherSeed' in app/config/core.php to a numeric (digits only) seed value specific to your application in [D:\wamp\www\CakePHP\cake\libs\debugger.php, line 688]
2010-09-18 08:42:12 Debug: Notice (1024): Please change the value of 'Security.salt' in app/config/core.php to a salt value specific to your application in [D:\wamp\www\CakePHP\cake\libs\debugger.php, line 684]
2010-09-18 08:42:12 Debug: Notice (1024): Please change the value of 'Security.cipherSeed' in app/config/core.php to a numeric (digits only) seed value specific to your application in [D:\wamp\www\CakePHP\cake\libs\debugger.php, line 688]
2010-09-18 08:42:33 Debug: Notice (1024): Please change the value of 'Security.salt' in app/config/core.php to a salt value specific to your application in [D:\wamp\www\CakePHP\cake\libs\debugger.php, line 684]
2010-09-18 08:42:33 Debug: Notice (1024): Please change the value of 'Security.cipherSeed' in app/config/core.php to a numeric (digits only) seed value specific to your application in [D:\wamp\www\CakePHP\cake\libs\debugger.php, line 688]
2010-09-18 08:52:29 Debug: Notice (1024): Please change the value of 'Security.salt' in app/config/core.php to a salt value specific to your application in [D:\wamp\www\CakePHP\cake\libs\debugger.php, line 684]
2010-09-18 08:52:29 Debug: Notice (1024): Please change the value of 'Security.cipherSeed' in app/config/core.php to a numeric (digits only) seed value specific to your application in [D:\wamp\www\CakePHP\cake\libs\debugger.php, line 688]
2010-09-18 09:05:13 Debug: Notice (1024): Please change the value of 'Security.salt' in app/config/core.php to a salt value specific to your application in [D:\wamp\www\CakePHP\cake\libs\debugger.php, line 684]
2010-09-18 09:05:13 Debug: Notice (1024): Please change the value of 'Security.cipherSeed' in app/config/core.php to a numeric (digits only) seed value specific to your application in [D:\wamp\www\CakePHP\cake\libs\debugger.php, line 688]
2010-09-18 09:06:34 Debug: Notice (1024): Please change the value of 'Security.salt' in app/config/core.php to a salt value specific to your application in [D:\wamp\www\CakePHP\cake\libs\debugger.php, line 684]
2010-09-18 09:06:34 Debug: Notice (1024): Please change the value of 'Security.cipherSeed' in app/config/core.php to a numeric (digits only) seed value specific to your application in [D:\wamp\www\CakePHP\cake\libs\debugger.php, line 688]
2010-09-18 10:06:36 Debug: Notice (8): Undefined variable: singular in [D:\wamp\www\CakePHP\cake\basics.php, line 647]
2010-09-18 12:19:16 Debug: Notice (8): Undefined index: firstname in [D:\wamp\www\CakeBarry\app\views\customers\index.ctp, line 28]
2010-09-18 12:19:16 Debug: Notice (8): Undefined index: surname in [D:\wamp\www\CakeBarry\app\views\customers\index.ctp, line 28]
2010-09-18 12:19:16 Debug: Notice (8): Undefined index: address in [D:\wamp\www\CakeBarry\app\views\customers\index.ctp, line 29]
2010-09-18 12:19:16 Debug: Notice (8): Undefined index: contact in [D:\wamp\www\CakeBarry\app\views\customers\index.ctp, line 30]
2010-09-18 12:23:19 Debug: Notice (8): Undefined index: street in [D:\wamp\www\CakeBarry\app\views\customers\index.ctp, line 32]
2010-09-18 12:23:19 Debug: Notice (8): Undefined index: suburb in [D:\wamp\www\CakeBarry\app\views\customers\index.ctp, line 32]
2010-09-18 12:23:19 Debug: Notice (8): Undefined index: state in [D:\wamp\www\CakeBarry\app\views\customers\index.ctp, line 33]
2010-09-18 12:23:19 Debug: Notice (8): Undefined index: postcode in [D:\wamp\www\CakeBarry\app\views\customers\index.ctp, line 33]
2010-09-18 12:23:19 Debug: Notice (8): Undefined index: email in [D:\wamp\www\CakeBarry\app\views\customers\index.ctp, line 35]
2010-09-18 12:23:19 Debug: Notice (8): Undefined index: phone in [D:\wamp\www\CakeBarry\app\views\customers\index.ctp, line 36]
2010-09-18 12:23:19 Debug: Notice (8): Undefined index: mobile in [D:\wamp\www\CakeBarry\app\views\customers\index.ctp, line 37]
2010-09-18 13:46:24 Debug: Notice (1024): Please change the value of 'Security.salt' in app/config/core.php to a salt value specific to your application in [D:\wamp\www\CakeBarry\cake\libs\debugger.php, line 684]
2010-09-18 13:46:24 Debug: Notice (1024): Please change the value of 'Security.cipherSeed' in app/config/core.php to a numeric (digits only) seed value specific to your application in [D:\wamp\www\CakeBarry\cake\libs\debugger.php, line 688]
2010-09-18 14:44:07 Debug: Notice (8): Undefined index: horse_gender in [D:\wamp\www\CakeBarry\app\views\horses\index.ctp, line 31]
2010-09-18 14:44:07 Debug: Notice (8): Undefined index: horse_height in [D:\wamp\www\CakeBarry\app\views\horses\index.ctp, line 32]
2010-09-18 14:44:07 Debug: Notice (8): Undefined index: horse_image in [D:\wamp\www\CakeBarry\app\views\horses\index.ctp, line 33]
2010-09-18 14:44:07 Debug: Notice (8): Undefined index: horse_breed in [D:\wamp\www\CakeBarry\app\views\horses\index.ctp, line 34]
2010-09-18 15:02:23 Debug: Notice (8): Undefined variable: customer in [D:\wamp\www\CakeBarry\app\views\skills\index.ctp, line 26]
2010-09-18 15:18:41 Debug: Notice (8): Undefined index: horse_breed in [D:\wamp\www\CakeBarry\app\views\horses\index.ctp, line 32]
2010-09-18 15:33:33 Debug: Notice (8): Undefined index: breed_name in [D:\wamp\www\CakeBarry\app\views\horses\index.ctp, line 32]
2010-09-18 15:45:40 Debug: Notice (8): Undefined index: breed_name in [D:\wamp\www\CakeBarry\app\views\horses\index.ctp, line 32]
2010-09-18 18:07:18 Debug: Notice (8): Undefined index: id in [D:\wamp\www\CakePublishers\app\views\publishers\index.ctp, line 29]
2010-09-18 18:23:53 Debug: Notice (8): Undefined variable: publishers in [D:\wamp\www\CakePublishers\app\views\titles\index.ctp, line 25]
2010-09-18 18:55:39 Debug: Notice (8): Undefined index: Tile in [D:\wamp\www\CakePublishers\app\views\titles\index.ctp, line 36]
2010-09-18 19:19:51 Debug: Notice (8): Undefined variable: titles in [D:\wamp\www\CakePublishers\app\views\titles\view.ctp, line 5]
2010-09-18 19:20:25 Debug: Notice (8): Undefined index: title in [D:\wamp\www\CakePublishers\app\views\titles\view.ctp, line 5]
2010-09-18 19:23:59 Debug: Notice (8): Undefined variable: titles in [D:\wamp\www\CakePublishers\app\views\titles\view.ctp, line 15]
2010-09-18 19:32:28 Debug: Notice (8): Undefined index: Piblisher in [D:\wamp\www\CakePublishers\app\views\titles\view.ctp, line 42]
2010-09-20 03:06:41 Debug: Notice (8): Undefined variable: publishers in [D:\wamp\www\CakePublishers\app\views\titles\edit.ctp, line 15]
2010-09-20 03:10:13 Debug: Notice (8): Undefined variable: Publisher in [D:\wamp\www\CakePublishers\app\views\titles\edit.ctp, line 15]
2010-09-20 03:16:20 Debug: Notice (8): Undefined property: TitlesController::$Publisher in [D:\wamp\www\CakePublishers\app\controllers\titles_controller.php, line 34]
2010-09-20 03:19:23 Debug: Notice (8): Undefined property: TitlesController::$Publisher in [D:\wamp\www\CakePublishers\app\controllers\titles_controller.php, line 33]
2010-09-20 03:30:12 Debug: Notice (8): Undefined property: TitlesController::$Publisher in [D:\wamp\www\CakePublishers\app\controllers\titles_controller.php, line 33]
2010-09-20 03:32:59 Debug: Notice (8): Undefined index: id in [D:\wamp\www\CakePublishers\app\views\titles\edit.ctp, line 17]
2010-09-20 03:46:45 Debug: Notice (8): Undefined property: TitlesController::$Publisher in [D:\wamp\www\CakePublishers\app\controllers\titles_controller.php, line 33]
2010-09-20 03:47:50 Debug: Notice (8): Undefined property: TitlesController::$Publisher in [D:\wamp\www\CakePublishers\app\controllers\titles_controller.php, line 33]
2010-09-20 03:56:58 Debug: Notice (8): Undefined property: TitlesController::$Publisher in [D:\wamp\www\CakePublishers\app\controllers\titles_controller.php, line 13]
2010-09-20 04:00:35 Debug: Notice (8): Undefined property: View::$publishers in [D:\wamp\www\CakePublishers\app\views\titles\edit.ctp, line 17]
2010-09-20 04:01:38 Debug: Notice (8): Undefined property: View::$publishers in [D:\wamp\www\CakePublishers\app\views\titles\edit.ctp, line 17]
2010-09-20 04:09:23 Debug: Notice (8): Undefined variable: Title in [D:\wamp\www\CakePublishers\app\controllers\titles_controller.php, line 35]
2010-09-20 04:09:48 Debug: Notice (8): Undefined variable: Title in [D:\wamp\www\CakePublishers\app\controllers\titles_controller.php, line 35]
2010-09-20 04:10:23 Debug: Notice (8): Undefined variable: publishers in [D:\wamp\www\CakePublishers\app\views\titles\edit.ctp, line 17]
2010-09-20 04:11:11 Debug: Notice (8): Undefined variable: associatedItems in [D:\wamp\www\CakePublishers\app\views\titles\edit.ctp, line 17]
2010-09-20 06:32:17 Debug: Notice (8): Undefined variable: Session in [D:\wamp\www\CakePublishers\app\views\titles\index.ctp, line 11]
2010-09-20 06:45:33 Debug: Notice (8): Undefined variable: content_for_layout in [D:\wamp\www\CakePublishers\app\views\titles\index.ctp, line 15]
2010-09-20 06:49:46 Debug: Notice (8): Undefined variable: content_for_layout in [D:\wamp\www\CakePublishers\app\views\titles\index.ctp, line 12]
2010-09-20 07:26:41 Debug: Notice (8): Undefined property: TitlesController::$title in [D:\wamp\www\CakePublishers\app\controllers\titles_controller.php, line 43]
2010-09-20 07:26:53 Debug: Notice (8): Undefined property: TitlesController::$title in [D:\wamp\www\CakePublishers\app\controllers\titles_controller.php, line 43]
2010-09-20 07:28:11 Debug: Notice (8): Undefined property: TitlesController::$title in [D:\wamp\www\CakePublishers\app\controllers\titles_controller.php, line 45]
2010-09-20 07:29:42 Debug: Notice (8): Undefined variable: title in [D:\wamp\www\CakePublishers\app\controllers\titles_controller.php, line 44]
2010-09-20 07:31:15 Debug: Notice (8): Undefined property: TitlesController::$title in [D:\wamp\www\CakePublishers\app\controllers\titles_controller.php, line 44]
2010-09-20 07:51:21 Debug: Notice (8): Undefined variable: Title in [D:\wamp\www\CakePublishers\app\controllers\titles_controller.php, line 43]
2010-09-20 07:51:21 Debug: Notice (8): Undefined variable: Title in [D:\wamp\www\CakePublishers\app\controllers\titles_controller.php, line 44]
2010-09-20 08:00:41 Debug: Notice (8): Undefined variable: Title in [D:\wamp\www\CakePublishers\app\controllers\titles_controller.php, line 43]
2010-09-20 08:46:57 Debug: Notice (8): Undefined property: HtmlHelper::$url in [D:\wamp\www\CakePublishers\app\views\titles\view.ctp, line 55]
2010-09-20 08:47:33 Debug: Notice (8): Undefined variable: Html in [D:\wamp\www\CakePublishers\app\views\titles\view.ctp, line 53]
2010-09-20 08:48:17 Debug: Notice (8): Undefined variable: urlView in [D:\wamp\www\CakePublishers\app\views\titles\view.ctp, line 53]
2010-09-20 08:57:48 Debug: Notice (8): Undefined variable: urlDel in [D:\wamp\www\CakePublishers\app\views\titles\view.ctp, line 50]
2010-09-20 09:02:12 Debug: Notice (8): Undefined variable: Title in [D:\wamp\www\CakePublishers\app\controllers\titles_controller.php, line 43]
2010-09-20 09:02:12 Debug: Notice (8): Undefined variable: Title in [D:\wamp\www\CakePublishers\app\controllers\titles_controller.php, line 44]
2010-09-20 09:47:36 Debug: Notice (8): Undefined variable: urlEdit in [D:\wamp\www\CakePublishers\app\views\titles\index.ctp, line 12]
2010-09-20 09:56:40 Debug: Notice (8): Undefined property: View::$parmas in [D:\wamp\www\CakePublishers\app\views\titles\edit.ctp, line 3]
2010-09-20 09:59:08 Debug: Notice (8): Undefined property: View::$parmas in [D:\wamp\www\CakePublishers\app\views\titles\edit.ctp, line 3]
2010-09-20 10:04:19 Debug: Notice (8): Array to string conversion in [D:\wamp\www\CakePublishers\cake\libs\router.php, line 1556]
2010-09-20 10:04:29 Debug: Notice (8): Undefined property: View::$parmas in [D:\wamp\www\CakePublishers\app\views\titles\edit.ctp, line 4]
2010-09-20 10:07:19 Debug: Notice (8): Array to string conversion in [D:\wamp\www\CakePublishers\cake\libs\router.php, line 1556]
2010-09-20 10:09:45 Debug: Notice (8): Array to string conversion in [D:\wamp\www\CakePublishers\cake\libs\router.php, line 1556]
2010-09-20 10:09:51 Debug: Notice (8): Undefined property: View::$parmas in [D:\wamp\www\CakePublishers\app\views\titles\edit.ctp, line 4]
2010-09-20 10:19:05 Debug: Notice (8): Undefined variable: data in [D:\wamp\www\CakePublishers\app\views\titles\index.ctp, line 11]
2010-09-20 10:19:05 Debug: Notice (8): Array to string conversion in [D:\wamp\www\CakePublishers\cake\libs\router.php, line 1556]
2010-09-20 10:19:38 Debug: Notice (8): Undefined property: View::$parmas in [D:\wamp\www\CakePublishers\app\views\titles\edit.ctp, line 4]
2010-09-21 18:26:37 Debug: Notice (8): Undefined variable: title in [D:\wamp\www\CakePublishers\app\views\publishers\view.ctp, line 30]
2010-09-21 18:28:07 Debug: Notice (8): Undefined variable: Publisher in [D:\wamp\www\CakePublishers\app\views\publishers\view.ctp, line 30]
2010-09-22 13:11:29 Debug: Notice (8): Undefined index: id in [D:\wamp\www\CakePublishers\cake\libs\model\model.php, line 1328]
2010-09-22 14:25:32 Debug: Notice (8): Undefined property: PublishersController::$Title in [D:\wamp\www\CakePublishers\app\controllers\publishers_controller.php, line 26]
2011-07-11 17:08:12 Debug: Notice (8): Undefined index: id in [E:\CakePublishers\cake\libs\model\model.php, line 1328]
2011-07-11 17:26:40 Debug: Notice (8): Undefined index: id in [E:\CakePublishers\cake\libs\model\model.php, line 1328]
2011-07-11 17:43:32 Debug: Notice (8): Undefined index: id in [E:\CakePublishers\cake\libs\model\model.php, line 1328]
2011-07-11 17:46:12 Debug: Notice (8): Undefined variable: ISBN in [E:\CakePublishers\app\controllers\publishers_controller.php, line 40]
2011-07-11 17:46:14 Debug: Notice (8): Undefined variable: ISBN in [E:\CakePublishers\app\controllers\publishers_controller.php, line 40]
2011-07-11 17:46:14 Debug: Notice (8): Undefined index: id in [E:\CakePublishers\cake\libs\model\model.php, line 1328]
2011-07-11 17:46:43 Debug: Notice (8): Undefined index: id in [E:\CakePublishers\cake\libs\model\model.php, line 1328]
2011-07-11 17:49:57 Debug: Notice (8): Undefined index: PubID in [E:\CakePublishers\app\views\publishers\view.ctp, line 30]
2011-07-11 17:49:57 Debug: Notice (8): Undefined index: PubID in [E:\CakePublishers\app\views\publishers\view.ctp, line 40]
2011-07-11 17:56:25 Debug: Notice (8): Undefined index: ID in [E:\CakePublishers\app\views\publishers\index.ctp, line 37]
2011-07-11 18:20:52 Debug: Notice (8): Undefined index: PubID in [E:\CakePublishers\app\views\publishers\index.ctp, line 29]
2011-07-11 18:20:52 Debug: Notice (8): Undefined index: Pub_Id in [E:\CakePublishers\app\views\publishers\index.ctp, line 39]
2011-07-11 18:21:13 Debug: Notice (8): Undefined index: Pub_Id in [E:\CakePublishers\app\views\publishers\index.ctp, line 29]
2011-07-11 18:21:13 Debug: Notice (8): Undefined index: Pub_Id in [E:\CakePublishers\app\views\publishers\index.ctp, line 39]
2011-07-11 18:21:57 Debug: Notice (8): Undefined index: Pub_Id in [E:\CakePublishers\app\views\publishers\view.ctp, line 30]
2011-07-11 18:21:57 Debug: Notice (8): Undefined index: Pub_Id in [E:\CakePublishers\app\views\publishers\view.ctp, line 40]
2011-07-11 18:23:16 Debug: Notice (8): Undefined index: Pub_Id in [E:\CakePublishers\app\views\publishers\view.ctp, line 30]
2011-07-11 18:23:16 Debug: Notice (8): Undefined index: Pub_Id in [E:\CakePublishers\app\views\publishers\view.ctp, line 40]
2011-07-11 18:23:58 Debug: Notice (8): Undefined index: Pub_Id in [E:\CakePublishers\app\views\publishers\view.ctp, line 40]
2011-12-12 02:57:41 Debug: Notice (8): Undefined index: Pub_ID in [E:\CakePublishers\app\views\publishers\index.ctp, line 37]
2011-12-12 02:58:25 Debug: Notice (8): Undefined index: Pub_ID in [E:\CakePublishers\app\views\publishers\index.ctp, line 37]
2011-12-12 02:58:26 Debug: Notice (8): Undefined index: Pub_ID in [E:\CakePublishers\app\views\publishers\index.ctp, line 37]
2011-12-12 02:59:18 Debug: Notice (8): Undefined index: Pub_ID in [E:\CakePublishers\app\views\publishers\view.ctp, line 40]
